[ 2015-06-28T11:38:01+08:00 ] 127.0.0.1 /wish/index.php/Index/show
INFO: [ app_init ] --START--
INFO: Run Behavior\BuildLiteBehavior [ RunTime:0.000009s ]
INFO: [ app_init ] --END-- [ RunTime:0.000202s ]
ERR: 无法加载模块:Index

[ 2015-06-28T11:38:29+08:00 ] 127.0.0.1 /wish/index.php/Index/Home/show
INFO: [ app_init ] --START--
INFO: Run Behavior\BuildLiteBehavior [ RunTime:0.000008s ]
INFO: [ app_init ] --END-- [ RunTime:0.000185s ]
ERR: 无法加载模块:Index

[ 2015-06-28T11:39:04+08:00 ] 127.0.0.1 /wish/index.php/Index/Show/show
INFO: [ app_init ] --START--
INFO: Run Behavior\BuildLiteBehavior [ RunTime:0.000008s ]
INFO: [ app_init ] --END-- [ RunTime:0.000185s ]
ERR: 无法加载模块:Index

[ 2015-06-28T11:39:11+08:00 ] 127.0.0.1 /wish/index.php/Index/show
INFO: [ app_init ] --START--
INFO: Run Behavior\BuildLiteBehavior [ RunTime:0.000008s ]
INFO: [ app_init ] --END-- [ RunTime:0.000194s ]
ERR: 无法加载模块:Index

[ 2015-06-28T11:40:34+08:00 ] 127.0.0.1 /wish/index.php/Index/show
INFO: [ app_init ] --START--
INFO: Run Behavior\BuildLiteBehavior [ RunTime:0.000011s ]
INFO: [ app_init ] --END-- [ RunTime:0.000289s ]
ERR: 无法加载模块:Index

