[ 2015-07-03T14:26:13+08:00 ] 127.0.0.1 /wish/index.php/Home/Index/handle.HTM
INFO: [ app_init ] --START--
INFO: Run Behavior\BuildLiteBehavior [ RunTime:0.000018s ]
INFO: [ app_init ] --END-- [ RunTime:0.000668s ]
INFO: [ app_begin ] --START--
INFO: Run Behavior\ReadHtmlCacheBehavior [ RunTime:0.000803s ]
INFO: [ app_begin ] --END-- [ RunTime:0.000863s ]
INFO: [ app_end ] --START--
INFO: Run Behavior\ShowPageTraceBehavior [ RunTime:0.000840s ]
INFO: [ app_end ] --END-- [ RunTime:0.000896s ]

[ 2015-07-03T14:26:18+08:00 ] 127.0.0.1 /wish/index.php
INFO: [ app_init ] --START--
INFO: Run Behavior\BuildLiteBehavior [ RunTime:0.000013s ]
INFO: [ app_init ] --END-- [ RunTime:0.000249s ]
INFO: [ app_begin ] --START--
INFO: Run Behavior\ReadHtmlCacheBehavior [ RunTime:0.000275s ]
INFO: [ app_begin ] --END-- [ RunTime:0.000308s ]
SQL: SHOW COLUMNS FROM `hd_wish` [ RunTime:0.0076s ]
SQL: SELECT * FROM `hd_wish`  [ RunTime:0.0021s ]
INFO: [ view_parse ] --START--
INFO: [ template_filter ] --START--
INFO: Run Behavior\ContentReplaceBehavior [ RunTime:0.000031s ]
INFO: [ template_filter ] --END-- [ RunTime:0.000082s ]
NOTIC: [8] Undefined index: name /Library/WebServer/Documents/wish/Index/Runtime/Cache/Home/f8cf203eb98c60ed9cec339b90173a5c.php 第 20 行.
NOTIC: [8] Undefined index: name /Library/WebServer/Documents/wish/Index/Runtime/Cache/Home/f8cf203eb98c60ed9cec339b90173a5c.php 第 20 行.
NOTIC: [8] Undefined index: name /Library/WebServer/Documents/wish/Index/Runtime/Cache/Home/f8cf203eb98c60ed9cec339b90173a5c.php 第 20 行.
NOTIC: [8] Undefined index: name /Library/WebServer/Documents/wish/Index/Runtime/Cache/Home/f8cf203eb98c60ed9cec339b90173a5c.php 第 20 行.
NOTIC: [8] Undefined index: name /Library/WebServer/Documents/wish/Index/Runtime/Cache/Home/f8cf203eb98c60ed9cec339b90173a5c.php 第 20 行.
NOTIC: [8] Undefined index: name /Library/WebServer/Documents/wish/Index/Runtime/Cache/Home/f8cf203eb98c60ed9cec339b90173a5c.php 第 20 行.
NOTIC: [8] Undefined index: name /Library/WebServer/Documents/wish/Index/Runtime/Cache/Home/f8cf203eb98c60ed9cec339b90173a5c.php 第 20 行.
NOTIC: [8] Undefined index: name /Library/WebServer/Documents/wish/Index/Runtime/Cache/Home/f8cf203eb98c60ed9cec339b90173a5c.php 第 20 行.
INFO: Run Behavior\ParseTemplateBehavior [ RunTime:0.028104s ]
INFO: [ view_parse ] --END-- [ RunTime:0.028172s ]
INFO: [ view_filter ] --START--
INFO: Run Behavior\WriteHtmlCacheBehavior [ RunTime:0.000569s ]
INFO: [ view_filter ] --END-- [ RunTime:0.000601s ]
INFO: [ app_end ] --START--
INFO: Run Behavior\ShowPageTraceBehavior [ RunTime:0.000364s ]
INFO: [ app_end ] --END-- [ RunTime:0.000398s ]

[ 2015-07-03T14:26:21+08:00 ] 127.0.0.1 /wish/index.php?m=Home&c=Index&a=handle
INFO: [ app_init ] --START--
INFO: Run Behavior\BuildLiteBehavior [ RunTime:0.000014s ]
INFO: [ app_init ] --END-- [ RunTime:0.000254s ]
INFO: [ app_begin ] --START--
INFO: Run Behavior\ReadHtmlCacheBehavior [ RunTime:0.000295s ]
INFO: [ app_begin ] --END-- [ RunTime:0.000328s ]
SQL: SHOW COLUMNS FROM `hd_wish` [ RunTime:0.0011s ]
SQL: INSERT INTO `hd_wish` (`username`,`content`,`time`) VALUES ('abc','abcd','1435904781') [ RunTime:0.0017s ]
NOTIC: [8] Use of undefined constant index - assumed 'index' /Library/WebServer/Documents/wish/Index/Home/Controller/IndexController.class.php 第 32 行.
INFO: [ view_parse ] --START--
INFO: [ template_filter ] --START--
INFO: Run Behavior\ContentReplaceBehavior [ RunTime:0.000031s ]
INFO: [ template_filter ] --END-- [ RunTime:0.000078s ]
INFO: Run Behavior\ParseTemplateBehavior [ RunTime:0.017356s ]
INFO: [ view_parse ] --END-- [ RunTime:0.017424s ]
INFO: [ view_filter ] --START--
INFO: Run Behavior\WriteHtmlCacheBehavior [ RunTime:0.000521s ]
INFO: [ view_filter ] --END-- [ RunTime:0.000575s ]
NOTIC: [2] Cannot modify header information - headers already sent by (output started at /Library/WebServer/Documents/wish/Index/Home/Controller/IndexController.class.php:27) /Library/WebServer/Documents/wish/ThinkPHP/ThinkPHP/Library/Think/View.class.php 第 91 行.
NOTIC: [2] Cannot modify header information - headers already sent by (output started at /Library/WebServer/Documents/wish/Index/Home/Controller/IndexController.class.php:27) /Library/WebServer/Documents/wish/ThinkPHP/ThinkPHP/Library/Think/View.class.php 第 92 行.
NOTIC: [2] Cannot modify header information - headers already sent by (output started at /Library/WebServer/Documents/wish/Index/Home/Controller/IndexController.class.php:27) /Library/WebServer/Documents/wish/ThinkPHP/ThinkPHP/Library/Think/View.class.php 第 93 行.
INFO: [ app_end ] --START--
INFO: Run Behavior\ShowPageTraceBehavior [ RunTime:0.000565s ]
INFO: [ app_end ] --END-- [ RunTime:0.000618s ]

[ 2015-07-03T14:26:22+08:00 ] 127.0.0.1 /wish/index.php?m=Home&c=Index&a=index
INFO: [ app_init ] --START--
INFO: Run Behavior\BuildLiteBehavior [ RunTime:0.000010s ]
INFO: [ app_init ] --END-- [ RunTime:0.000210s ]
INFO: [ app_begin ] --START--
INFO: Run Behavior\ReadHtmlCacheBehavior [ RunTime:0.000293s ]
INFO: [ app_begin ] --END-- [ RunTime:0.000327s ]
SQL: SHOW COLUMNS FROM `hd_wish` [ RunTime:0.0012s ]
SQL: SELECT * FROM `hd_wish`  [ RunTime:0.0002s ]
INFO: [ view_parse ] --START--
INFO: [ template_filter ] --START--
INFO: Run Behavior\ContentReplaceBehavior [ RunTime:0.000022s ]
INFO: [ template_filter ] --END-- [ RunTime:0.000054s ]
NOTIC: [8] Undefined index: name /Library/WebServer/Documents/wish/Index/Runtime/Cache/Home/f8cf203eb98c60ed9cec339b90173a5c.php 第 20 行.
NOTIC: [8] Undefined index: name /Library/WebServer/Documents/wish/Index/Runtime/Cache/Home/f8cf203eb98c60ed9cec339b90173a5c.php 第 20 行.
NOTIC: [8] Undefined index: name /Library/WebServer/Documents/wish/Index/Runtime/Cache/Home/f8cf203eb98c60ed9cec339b90173a5c.php 第 20 行.
NOTIC: [8] Undefined index: name /Library/WebServer/Documents/wish/Index/Runtime/Cache/Home/f8cf203eb98c60ed9cec339b90173a5c.php 第 20 行.
NOTIC: [8] Undefined index: name /Library/WebServer/Documents/wish/Index/Runtime/Cache/Home/f8cf203eb98c60ed9cec339b90173a5c.php 第 20 行.
NOTIC: [8] Undefined index: name /Library/WebServer/Documents/wish/Index/Runtime/Cache/Home/f8cf203eb98c60ed9cec339b90173a5c.php 第 20 行.
NOTIC: [8] Undefined index: name /Library/WebServer/Documents/wish/Index/Runtime/Cache/Home/f8cf203eb98c60ed9cec339b90173a5c.php 第 20 行.
NOTIC: [8] Undefined index: name /Library/WebServer/Documents/wish/Index/Runtime/Cache/Home/f8cf203eb98c60ed9cec339b90173a5c.php 第 20 行.
NOTIC: [8] Undefined index: name /Library/WebServer/Documents/wish/Index/Runtime/Cache/Home/f8cf203eb98c60ed9cec339b90173a5c.php 第 20 行.
INFO: Run Behavior\ParseTemplateBehavior [ RunTime:0.009924s ]
INFO: [ view_parse ] --END-- [ RunTime:0.009961s ]
INFO: [ view_filter ] --START--
INFO: Run Behavior\WriteHtmlCacheBehavior [ RunTime:0.000135s ]
INFO: [ view_filter ] --END-- [ RunTime:0.000162s ]
INFO: [ app_end ] --START--
INFO: Run Behavior\ShowPageTraceBehavior [ RunTime:0.000330s ]
INFO: [ app_end ] --END-- [ RunTime:0.000359s ]

[ 2015-07-03T14:26:35+08:00 ] 127.0.0.1 /wish/index.php?m=Home&c=Index&a=handle
INFO: [ app_init ] --START--
INFO: Run Behavior\BuildLiteBehavior [ RunTime:0.000012s ]
INFO: [ app_init ] --END-- [ RunTime:0.000249s ]
INFO: [ app_begin ] --START--
INFO: Run Behavior\ReadHtmlCacheBehavior [ RunTime:0.000293s ]
INFO: [ app_begin ] --END-- [ RunTime:0.000326s ]
SQL: SHOW COLUMNS FROM `hd_wish` [ RunTime:0.0013s ]
SQL: INSERT INTO `hd_wish` (`username`,`content`,`time`) VALUES ('张三','你好','1435904795') [ RunTime:0.0005s ]
NOTIC: [8] Use of undefined constant index - assumed 'index' /Library/WebServer/Documents/wish/Index/Home/Controller/IndexController.class.php 第 32 行.
INFO: [ view_parse ] --START--
INFO: [ template_filter ] --START--
INFO: Run Behavior\ContentReplaceBehavior [ RunTime:0.000026s ]
INFO: [ template_filter ] --END-- [ RunTime:0.000061s ]
INFO: Run Behavior\ParseTemplateBehavior [ RunTime:0.009049s ]
INFO: [ view_parse ] --END-- [ RunTime:0.009113s ]
INFO: [ view_filter ] --START--
INFO: Run Behavior\WriteHtmlCacheBehavior [ RunTime:0.000181s ]
INFO: [ view_filter ] --END-- [ RunTime:0.000221s ]
NOTIC: [2] Cannot modify header information - headers already sent by (output started at /Library/WebServer/Documents/wish/Index/Home/Controller/IndexController.class.php:27) /Library/WebServer/Documents/wish/ThinkPHP/ThinkPHP/Library/Think/View.class.php 第 91 行.
NOTIC: [2] Cannot modify header information - headers already sent by (output started at /Library/WebServer/Documents/wish/Index/Home/Controller/IndexController.class.php:27) /Library/WebServer/Documents/wish/ThinkPHP/ThinkPHP/Library/Think/View.class.php 第 92 行.
NOTIC: [2] Cannot modify header information - headers already sent by (output started at /Library/WebServer/Documents/wish/Index/Home/Controller/IndexController.class.php:27) /Library/WebServer/Documents/wish/ThinkPHP/ThinkPHP/Library/Think/View.class.php 第 93 行.
INFO: [ app_end ] --START--
INFO: Run Behavior\ShowPageTraceBehavior [ RunTime:0.000522s ]
INFO: [ app_end ] --END-- [ RunTime:0.000569s ]

[ 2015-07-03T14:26:36+08:00 ] 127.0.0.1 /wish/index.php?m=Home&c=Index&a=index
INFO: [ app_init ] --START--
INFO: Run Behavior\BuildLiteBehavior [ RunTime:0.000012s ]
INFO: [ app_init ] --END-- [ RunTime:0.000339s ]
INFO: [ app_begin ] --START--
INFO: Run Behavior\ReadHtmlCacheBehavior [ RunTime:0.000292s ]
INFO: [ app_begin ] --END-- [ RunTime:0.000326s ]
SQL: SHOW COLUMNS FROM `hd_wish` [ RunTime:0.0092s ]
SQL: SELECT * FROM `hd_wish`  [ RunTime:0.0004s ]
INFO: [ view_parse ] --START--
INFO: [ template_filter ] --START--
INFO: Run Behavior\ContentReplaceBehavior [ RunTime:0.000024s ]
INFO: [ template_filter ] --END-- [ RunTime:0.000063s ]
NOTIC: [8] Undefined index: name /Library/WebServer/Documents/wish/Index/Runtime/Cache/Home/f8cf203eb98c60ed9cec339b90173a5c.php 第 20 行.
NOTIC: [8] Undefined index: name /Library/WebServer/Documents/wish/Index/Runtime/Cache/Home/f8cf203eb98c60ed9cec339b90173a5c.php 第 20 行.
NOTIC: [8] Undefined index: name /Library/WebServer/Documents/wish/Index/Runtime/Cache/Home/f8cf203eb98c60ed9cec339b90173a5c.php 第 20 行.
NOTIC: [8] Undefined index: name /Library/WebServer/Documents/wish/Index/Runtime/Cache/Home/f8cf203eb98c60ed9cec339b90173a5c.php 第 20 行.
NOTIC: [8] Undefined index: name /Library/WebServer/Documents/wish/Index/Runtime/Cache/Home/f8cf203eb98c60ed9cec339b90173a5c.php 第 20 行.
NOTIC: [8] Undefined index: name /Library/WebServer/Documents/wish/Index/Runtime/Cache/Home/f8cf203eb98c60ed9cec339b90173a5c.php 第 20 行.
NOTIC: [8] Undefined index: name /Library/WebServer/Documents/wish/Index/Runtime/Cache/Home/f8cf203eb98c60ed9cec339b90173a5c.php 第 20 行.
NOTIC: [8] Undefined index: name /Library/WebServer/Documents/wish/Index/Runtime/Cache/Home/f8cf203eb98c60ed9cec339b90173a5c.php 第 20 行.
NOTIC: [8] Undefined index: name /Library/WebServer/Documents/wish/Index/Runtime/Cache/Home/f8cf203eb98c60ed9cec339b90173a5c.php 第 20 行.
NOTIC: [8] Undefined index: name /Library/WebServer/Documents/wish/Index/Runtime/Cache/Home/f8cf203eb98c60ed9cec339b90173a5c.php 第 20 行.
INFO: Run Behavior\ParseTemplateBehavior [ RunTime:0.011385s ]
INFO: [ view_parse ] --END-- [ RunTime:0.011429s ]
INFO: [ view_filter ] --START--
INFO: Run Behavior\WriteHtmlCacheBehavior [ RunTime:0.000123s ]
INFO: [ view_filter ] --END-- [ RunTime:0.000149s ]
INFO: [ app_end ] --START--
INFO: Run Behavior\ShowPageTraceBehavior [ RunTime:0.000326s ]
INFO: [ app_end ] --END-- [ RunTime:0.000359s ]

